app/build/outputs/mapping/release/seeds.txt
inswave.wmatrix.template.TemplateActivity
inswave.wmatrix.template.TemplateActivity: TemplateActivity()
...
inswave.wmatrix.extension.SafeCoroutineKt$launchWhenStartedSafety$1: kotlin.coroutines.Continuation create(java.lang.Object,kotlin.coroutines.Continuation)
okhttp3.HttpUrl: java.lang.String scheme()
org.apache.commons.io.filefilter.PrefixFileFilter: PrefixFileFilter(java.lang.String)
androidx.recyclerview.widget.RecyclerView: int getItemDecorationCount()
com.google.android.material.bottomappbar.BottomAppBar: void setFabAlignmentModeEndMargin(int)
okhttp3.internal.platform.android.SocketAdapter: boolean matchesSocketFactory(javax.net.ssl.SSLSocketFactory)
inswave.wmatrix.view.core.PermissionHelper$Companion: PermissionHelper$Companion()
kotlin.reflect.jvm.internal.impl.types.checker.TypeIntersector: TypeIntersector()
org.apache.commons.io.filefilter.CanExecuteFileFilter: boolean accept(java.io.File)
org.apache.commons.io.EndianUtils: int readSwappedUnsignedShort(byte[],int)
androidx.appcompat.widget.Toolbar: android.graphics.drawable.Drawable getNavigationIcon()
com.google.android.material.search.SearchView$TransitionState: com.google.android.material.search.SearchView$TransitionState valueOf(java.lang.String)
androidx.appcompat.widget.DropDownListView$Api21Impl: void drawableHotspotChanged(android.view.View,float,float)
okhttp3.internal.http.RealInterceptorChain: int writeTimeoutMillis()
okhttp3.internal.cache2.Relay$Companion: Relay$Companion()
inswave.wmatrix.view.core.PluginManager: java.lang.Boolean shouldOpenExternalUrl(java.lang.String)
org.apache.commons.io.FileUtils: java.lang.String byteCountToDisplaySize(long)
androidx.core.view.WindowInsetsCompat$Impl20: WindowInsetsCompat$Impl20(androidx.core.view.WindowInsetsCompat,android.view.WindowInsets)
androidx.vectordrawable.graphics.drawable.VectorDrawableCompat$VFullPath: void setTrimPathEnd(float)
inswave.wmatrix.base.db.dao.AssetZipDao_Impl$1: void bind(androidx.sqlite.db.SupportSQLiteStatement,java.lang.Object)
okhttp3.internal.connection.RealCall: void timeoutEarlyExit()
androidx.constraintlayout.widget.Barrier: void setAllowsGoneWidget(boolean)
org.apache.commons.io.output.LockableFileWriter: LockableFileWriter(java.lang.String,boolean)
inswave.wmatrix.base.datastore.PreferenceKeys: androidx.datastore.preferences.core.Preferences$Key getENGINE_SP_VERSION()
org.apache.commons.io.input.ProxyInputStream: long skip(long)
okhttp3.internal.http1.Http1ExchangeCodec: okio.Source newFixedLengthSource(long)
org.apache.commons.io.comparator.CompositeFileComparator: int compare(java.lang.Object,java.lang.Object)
okhttp3.OkHttpClient$Builder: int getConnectTimeout$okhttp()
inswave.wmatrix.utils.UnzipUtils: java.lang.Object workerUnzipResource$wmatrix_lib_release(inswave.wmatrix.provider.task.worker.a,java.io.BufferedInputStream,java.lang.String,kotlin.jvm.functions.Function1,kotlin.jvm.functions.Function1,kotlin.coroutines.Continuation)
okhttp3.internal.connection.RealCall: boolean isCanceled()
okhttp3.internal.http1.Http1ExchangeCodec$UnknownLengthSource: void close()
okhttp3.internal.http2.Http2Connection$Builder: int getPingIntervalMillis$okhttp()
inswave.wmatrix.view.core.engine.SystemWebViewEngine: h.c getWebView$wmatrix_lib_release()
androidx.room.SharedSQLiteStatement: SharedSQLiteStatement(androidx.room.RoomDatabase)
okhttp3.OkHttpClient$Builder: okhttp3.OkHttpClient$Builder cache(okhttp3.Cache)
okhttp3.internal.http2.Http2Connection$ReaderRunnable$ping$$inlined$execute$1: long runOnce()
inswave.wmatrix.view.core.engine.SystemWebChromeClient: void onHideCustomView()
androidx.appcompat.app.AppCompatDelegateImpl$Api33Impl: void unregisterOnBackInvokedCallback(java.lang.Object,java.lang.Object)
com.google.android.material.checkbox.MaterialCheckBox: android.content.res.ColorStateList getButtonTintList()
inswave.wmatrix.base.plugin.camera.CameraLauncher$copyToCacheAndCallback$2: CameraLauncher$copyToCacheAndCallback$2()
okhttp3.internal.tls.OkHostnameVerifier: java.util.List allSubjectAltNames(java.security.cert.X509Certificate)