app/build/outputs/mapping/release/usage.txt
inswave.wmatrix.template.BuildConfig
inswave.wmatrix.template.R$anim
inswave.wmatrix.template.R$animator
inswave.wmatrix.template.R$attr
inswave.wmatrix.template.R$bool
inswave.wmatrix.template.R$color
inswave.wmatrix.template.R$dimen
inswave.wmatrix.template.R$drawable
inswave.wmatrix.template.R$id
inswave.wmatrix.template.R$integer
inswave.wmatrix.template.R$interpolator
inswave.wmatrix.template.R$layout
inswave.wmatrix.template.R$mipmap
inswave.wmatrix.template.R$plurals
inswave.wmatrix.template.R$string
inswave.wmatrix.template.R$style
inswave.wmatrix.template.R$styleable
inswave.wmatrix.template.R$xml
inswave.wmatrix.template.R
inswave.wmatrix.template.TemplateActivity:
    public final inswave.wmatrix.provider.WMatrixProvider getProvider()
    public final void setProvider(inswave.wmatrix.provider.WMatrixProvider)
    public final void setWMatrix(inswave.wmatrix.view.WMatrix)
inswave.wmatrix.template.databinding.LoadingLayoutBinding:
    public synthetic bridge android.view.View getRoot()
inswave.wmatrix.template.databinding.TemplateMainBinding:
    public synthetic bridge android.view.View getRoot()
...
androidx.appcompat.view.menu.MenuPopupHelper:
    private static final int TOUCH_EPICENTER_SIZE_DP
    public void <init>(android.content.Context,androidx.appcompat.view.menu.MenuBuilder)
    public void <init>(android.content.Context,androidx.appcompat.view.menu.MenuBuilder,android.view.View)
    public int getGravity()
    public android.widget.ListView getListView()
    public void show(int,int)
androidx.appcompat.view.menu.MenuPresenter:
    public abstract int getId()
    public abstract androidx.appcompat.view.menu.MenuView getMenuView(android.view.ViewGroup)
    public abstract void onRestoreInstanceState(android.os.Parcelable)
    public abstract android.os.Parcelable onSaveInstanceState()
androidx.appcompat.view.menu.MenuView$ItemView:
    public abstract void setCheckable(boolean)
    public abstract void setChecked(boolean)
    public abstract void setEnabled(boolean)
    public abstract void setIcon(android.graphics.drawable.Drawable)
    public abstract void setShortcut(boolean,char)
    public abstract void setTitle(java.lang.CharSequence)
    public abstract boolean showsIcon()
androidx.appcompat.view.menu.MenuView:
    public abstract int getWindowAnimations()
androidx.appcompat.view.menu.StandardMenuPopup:
    public void onRestoreInstanceState(android.os.Parcelable)
    public android.os.Parcelable onSaveInstanceState()
androidx.appcompat.view.menu.SubMenuBuilder:
    public void setShortcutsVisible(boolean)
androidx.appcompat.widget.AbsActionBarView$1
androidx.appcompat.widget.AbsActionBarView:
    private static final int FADE_DURATION
    void <init>(android.content.Context)
    public void animateToVisibility(int)
    public boolean canShowOverflowMenu()
    public void dismissPopupMenus()
    public boolean hideOverflowMenu()
    public boolean isOverflowMenuShowPending()
    public boolean isOverflowMenuShowing()
    public boolean isOverflowReserved()
    public void postShowOverflowMenu()
    public boolean showOverflowMenu()
androidx.appcompat.widget.ActionBarBackgroundDrawable$Api21Impl:
    private void <init>()
androidx.appcompat.widget.ActionBarContainer$Api21Impl:
    private void <init>()
androidx.appcompat.widget.ActionBarContainer:
    public void <init>(android.content.Context)
androidx.appcompat.widget.ActionBarContextView:
    public synthetic bridge void animateToVisibility(int)
    public synthetic bridge boolean canShowOverflowMenu()
    public synthetic bridge void dismissPopupMenus()
    public boolean hideOverflowMenu()
    public synthetic bridge boolean isOverflowMenuShowPending()
    public boolean isOverflowMenuShowing()
    public synthetic bridge boolean isOverflowReserved()
    public synthetic bridge void postShowOverflowMenu()
androidx.appcompat.widget.ActionBarOverlayLayout$LayoutParams:
    public void <init>(android.view.ViewGroup$MarginLayoutParams)
androidx.appcompat.widget.ActionBarOverlayLayout:
    private static final int ACTION_BAR_ANIMATE_DELAY
    private static final java.lang.String TAG
    public void <init>(android.content.Context)
    public boolean hasIcon()
    public boolean hasLogo()
    public boolean isHideOnContentScrollEnabled()
    public void restoreToolbarHierarchyState(android.util.SparseArray)
    public void saveToolbarHierarchyState(android.util.SparseArray)
androidx.appcompat.widget.ActionMenuPresenter$SavedState$1
androidx.appcompat.widget.ActionMenuPresenter$SavedState
androidx.appcompat.widget.ActionMenuPresenter:
    private static final java.lang.String TAG
    public boolean isOverflowReserved()
    public void onRestoreInstanceState(android.os.Parcelable)
    public android.os.Parcelable onSaveInstanceState()
    public void onSubUiVisibilityChanged(boolean)
    public void setItemLimit(int)
    public void setWidthLimit(int,boolean)
androidx.appcompat.widget.ActionMenuView$LayoutParams:
    void <init>(int,int,boolean)